<?xml version="1.0" encoding="UTF-8"?>
<!-- Generated by org.testng.reporters.JUnitReportReporter -->
<testsuite hostname="Jain" failures="0" tests="2" name="qaclickacademy.MavenJava.AppiumTest" time="0.021" errors="0" timestamp="2020-05-27T11:50:19 IST" skipped="0">
  <testcase classname="qaclickacademy.MavenJava.AppiumTest" name="iosApps" time="0.002"/>
  <system-out/>
  <testcase classname="qaclickacademy.MavenJava.AppiumTest" name="AndriodApp" time="0.019"/>
  <system-out/>
</testsuite> <!-- qaclickacademy.MavenJava.AppiumTest -->
