<?xml version="1.0" encoding="UTF-8"?>
<!-- Generated by org.testng.reporters.JUnitReportReporter -->
<testsuite hostname="Jain" failures="0" tests="2" name="qaclickacademy.MavenJava.SeleniumTest" time="0.017" errors="0" timestamp="2020-05-25T23:27:09 IST" skipped="0">
  <testcase classname="qaclickacademy.MavenJava.SeleniumTest" name="elementsUI" time="0.002"/>
  <system-out/>
  <testcase classname="qaclickacademy.MavenJava.SeleniumTest" name="browserAutomation" time="0.015"/>
  <system-out/>
</testsuite> <!-- qaclickacademy.MavenJava.SeleniumTest -->
