<?xml version="1.0" encoding="UTF-8"?>
<!-- Generated by org.testng.reporters.JUnitReportReporter -->
<testsuite hostname="Jain" failures="0" tests="2" name="qaclickacademy.MavenJava.AppiumTest" time="0.001" errors="0" timestamp="2020-05-26T00:06:42 IST" skipped="0">
  <testcase classname="qaclickacademy.MavenJava.AppiumTest" name="AndriodApp" time="0.001"/>
  <system-out/>
  <testcase classname="qaclickacademy.MavenJava.AppiumTest" name="iosApps" time="0.000"/>
  <system-out/>
</testsuite> <!-- qaclickacademy.MavenJava.AppiumTest -->
