<?xml version="1.0" encoding="UTF-8"?>
<!-- Generated by org.testng.reporters.JUnitReportReporter -->
<testsuite hostname="Jain" failures="0" tests="2" name="qaclickacademy.MavenJava.SeleniumTest" time="0.004" errors="0" timestamp="2020-05-26T00:07:01 IST" skipped="0">
  <testcase classname="qaclickacademy.MavenJava.SeleniumTest" name="browserAutomation" time="0.004"/>
  <system-out/>
  <testcase classname="qaclickacademy.MavenJava.SeleniumTest" name="elementsUI" time="0.000"/>
  <system-out/>
</testsuite> <!-- qaclickacademy.MavenJava.SeleniumTest -->
