<?xml version="1.0" encoding="UTF-8"?>
<!-- Generated by org.testng.reporters.JUnitReportReporter -->
<testsuite hostname="Jain" failures="0" tests="2" name="qaclickacademy.MavenJava.RestAPITest" time="0.000" errors="0" timestamp="2020-05-25T23:09:30 IST" skipped="0">
  <testcase classname="qaclickacademy.MavenJava.RestAPITest" name="postJira" time="0.000"/>
  <system-out/>
  <testcase classname="qaclickacademy.MavenJava.RestAPITest" name="deleteTwitter" time="0.000"/>
  <system-out/>
</testsuite> <!-- qaclickacademy.MavenJava.RestAPITest -->
